<?xml version="1.0" encoding="UTF-8"?>
<!-- Generated by org.testng.reporters.JUnitReportReporter -->
<testsuite hostname="PC29024" name="Rakib_LICT_Final_Project.AppTest" tests="6" failures="0" timestamp="22 Aug 2020 07:22:06 GMT" time="78.666" errors="0">
  <testcase name="varify_registration_working_for_all_possetive_value" time="28.815" classname="Rakib_LICT_Final_Project.AppTest"/>
  <testcase name="varify_subscription_working_for_all_possetive_value" time="5.997" classname="Rakib_LICT_Final_Project.AppTest"/>
  <testcase name="varify_produc_can_add_to_cart_from_the_homepage" time="4.516" classname="Rakib_LICT_Final_Project.AppTest"/>
  <testcase name="varify_option_working_or_available_in_the_homepage" time="3.644" classname="Rakib_LICT_Final_Project.AppTest"/>
  <testcase name="varify_produc_purchase_by_searching_from_the_search_option" time="25.363" classname="Rakib_LICT_Final_Project.AppTest"/>
  <testcase name="varify_login_working_for_all_possetive_value" time="10.331" classname="Rakib_LICT_Final_Project.AppTest"/>
</testsuite> <!-- Rakib_LICT_Final_Project.AppTest -->
